===== BAYENV2.0 =====

input file is set
Sample size file is set
NGS is set
number of populations is set
number of iterations is set
seed is set
TEST = 0 . So running matrix estimation
56 72
MCMC VER 0.71 (THREADED)
ITERATIONS = 200000
INPUT FILE = Y2017_filtered_snpsfile_8621.txt
SEED = -12341

num_alleles = 17242.000000
number of loci = 8621
VAR-COVAR MATRIX: ITER = 500
3.466827e-03	5.637436e-04	-6.749461e-05	2.029147e-04	-4.386872e-03	5.494761e-04	
5.637436e-04	4.218099e-03	-3.118172e-04	-3.201989e-05	-4.727055e-03	1.655002e-04	
-6.749461e-05	-3.118172e-04	3.054303e-03	7.450530e-05	-1.817516e-03	1.426246e-04	
2.029147e-04	-3.201989e-05	7.450530e-05	2.943304e-03	-2.672886e-03	1.934274e-04	
-4.386872e-03	-4.727055e-03	-1.817516e-03	-2.672886e-03	1.850376e-02	-2.872872e-03	
5.494761e-04	1.655002e-04	1.426246e-04	1.934274e-04	-2.872872e-03	3.816526e-03	

VAR-COVAR MATRIX: ITER = 1000
2.612257e-03	7.842768e-04	1.497985e-04	4.144301e-04	-3.674808e-03	5.540416e-04	
7.842768e-04	3.083451e-03	8.993582e-06	2.562048e-04	-3.897280e-03	4.463329e-04	
1.497985e-04	8.993582e-06	2.086086e-03	1.727524e-04	-1.501424e-03	1.577209e-04	
4.144301e-04	2.562048e-04	1.727524e-04	1.993564e-03	-2.216609e-03	1.900840e-04	
-3.674808e-03	-3.897280e-03	-1.501424e-03	-2.216609e-03	1.422426e-02	-2.531896e-03	
5.540416e-04	4.463329e-04	1.577209e-04	1.900840e-04	-2.531896e-03	2.427486e-03	

VAR-COVAR MATRIX: ITER = 1500
2.106119e-03	8.074600e-04	1.872638e-04	4.307402e-04	-3.118085e-03	5.486583e-04	
8.074600e-04	2.419765e-03	1.605383e-04	3.805223e-04	-3.377678e-03	5.088409e-04	
1.872638e-04	1.605383e-04	1.543983e-03	1.232043e-04	-1.228143e-03	1.655096e-04	
4.307402e-04	3.805223e-04	1.232043e-04	1.530066e-03	-1.827357e-03	2.113321e-04	
-3.118085e-03	-3.377678e-03	-1.228143e-03	-1.827357e-03	1.207693e-02	-2.245947e-03	
5.486583e-04	5.088409e-04	1.655096e-04	2.113321e-04	-2.245947e-03	1.902267e-03	

VAR-COVAR MATRIX: ITER = 2000
1.693478e-03	6.852224e-04	1.906048e-04	3.667230e-04	-2.530885e-03	4.611705e-04	
6.852224e-04	2.014585e-03	1.850917e-04	3.630637e-04	-2.837866e-03	4.567989e-04	
1.906048e-04	1.850917e-04	1.239963e-03	1.548820e-04	-1.051337e-03	1.458103e-04	
3.667230e-04	3.630637e-04	1.548820e-04	1.268714e-03	-1.526602e-03	2.233451e-04	
-2.530885e-03	-2.837866e-03	-1.051337e-03	-1.526602e-03	1.035149e-02	-1.804678e-03	
4.611705e-04	4.567989e-04	1.458103e-04	2.233451e-04	-1.804678e-03	1.495629e-03	

VAR-COVAR MATRIX: ITER = 2500
1.481863e-03	5.488225e-04	1.840153e-04	3.234426e-04	-2.161709e-03	3.983732e-04	
5.488225e-04	1.617150e-03	1.684710e-04	2.972288e-04	-2.286607e-03	3.957234e-04	
1.840153e-04	1.684710e-04	1.065147e-03	1.260369e-04	-8.568997e-04	1.124796e-04	
3.234426e-04	2.972288e-04	1.260369e-04	1.131734e-03	-1.215190e-03	2.060673e-04	
-2.161709e-03	-2.286607e-03	-8.568997e-04	-1.215190e-03	9.006951e-03	-1.576599e-03	
3.983732e-04	3.957234e-04	1.124796e-04	2.060673e-04	-1.576599e-03	1.284502e-03	

VAR-COVAR MATRIX: ITER = 3000
1.279456e-03	4.256369e-04	1.373768e-04	2.120820e-04	-1.624628e-03	2.837612e-04	
4.256369e-04	1.387041e-03	1.255568e-04	2.152333e-04	-1.785537e-03	3.039181e-04	
1.373768e-04	1.255568e-04	9.183261e-04	7.930376e-05	-5.951111e-04	1.039866e-04	
2.120820e-04	2.152333e-04	7.930376e-05	9.998117e-04	-8.980948e-04	1.523286e-04	
-1.624628e-03	-1.785537e-03	-5.951111e-04	-8.980948e-04	7.405378e-03	-1.207774e-03	
2.837612e-04	3.039181e-04	1.039866e-04	1.523286e-04	-1.207774e-03	1.115344e-03	

VAR-COVAR MATRIX: ITER = 3500
1.140227e-03	2.912037e-04	8.628125e-05	1.672639e-04	-1.268398e-03	2.115113e-04	
2.912037e-04	1.235308e-03	8.550535e-05	1.559415e-04	-1.346462e-03	2.236328e-04	
8.628125e-05	8.550535e-05	8.950885e-04	5.127069e-05	-4.202160e-04	7.547569e-05	
1.672639e-04	1.559415e-04	5.127069e-05	9.283511e-04	-6.750649e-04	1.064842e-04	
-1.268398e-03	-1.346462e-03	-4.202160e-04	-6.750649e-04	6.200451e-03	-8.824738e-04	
2.115113e-04	2.236328e-04	7.547569e-05	1.064842e-04	-8.824738e-04	1.023808e-03	

VAR-COVAR MATRIX: ITER = 4000
1.072703e-03	2.442191e-04	7.896736e-05	1.265003e-04	-1.024418e-03	1.735367e-04	
2.442191e-04	1.138881e-03	7.672954e-05	1.372822e-04	-1.099653e-03	1.971578e-04	
7.896736e-05	7.672954e-05	8.502789e-04	2.531732e-05	-3.617307e-04	6.174693e-05	
1.265003e-04	1.372822e-04	2.531732e-05	8.924039e-04	-4.966595e-04	9.015918e-05	
-1.024418e-03	-1.099653e-03	-3.617307e-04	-4.966595e-04	5.110544e-03	-7.583490e-04	
1.735367e-04	1.971578e-04	6.174693e-05	9.015918e-05	-7.583490e-04	9.662447e-04	

VAR-COVAR MATRIX: ITER = 4500
9.832884e-04	1.996200e-04	5.292843e-05	9.233996e-05	-7.803171e-04	1.287894e-04	
1.996200e-04	1.022073e-03	6.408203e-05	9.204961e-05	-8.224046e-04	1.206464e-04	
5.292843e-05	6.408203e-05	8.384485e-04	2.514867e-05	-2.501508e-04	5.097597e-05	
9.233996e-05	9.204961e-05	2.514867e-05	8.534285e-04	-3.428757e-04	5.165582e-05	
-7.803171e-04	-8.224046e-04	-2.501508e-04	-3.428757e-04	4.107021e-03	-4.932560e-04	
1.287894e-04	1.206464e-04	5.097597e-05	5.165582e-05	-4.932560e-04	9.061492e-04	

VAR-COVAR MATRIX: ITER = 5000
9.393476e-04	1.243267e-04	3.639334e-05	7.624504e-05	-5.655779e-04	9.145290e-05	
1.243267e-04	9.643663e-04	5.318265e-05	5.863627e-05	-5.672236e-04	7.763239e-05	
3.639334e-05	5.318265e-05	8.474618e-04	1.112955e-05	-1.962589e-04	3.268991e-05	
7.624504e-05	5.863627e-05	1.112955e-05	8.450486e-04	-2.589408e-04	4.388878e-05	
-5.655779e-04	-5.672236e-04	-1.962589e-04	-2.589408e-04	3.328815e-03	-3.477546e-04	
9.145290e-05	7.763239e-05	3.268991e-05	4.388878e-05	-3.477546e-04	8.554955e-04	

VAR-COVAR MATRIX: ITER = 5500
9.130898e-04	8.952098e-05	2.996777e-05	4.888775e-05	-4.234801e-04	6.939167e-05	
8.952098e-05	9.241306e-04	3.233050e-05	4.222778e-05	-4.148171e-04	6.585076e-05	
2.996777e-05	3.233050e-05	8.106827e-04	2.194891e-05	-1.140936e-04	1.501468e-05	
4.888775e-05	4.222778e-05	2.194891e-05	7.971776e-04	-1.760150e-04	2.538212e-05	
-4.234801e-04	-4.148171e-04	-1.140936e-04	-1.760150e-04	2.563697e-03	-2.761676e-04	
6.939167e-05	6.585076e-05	1.501468e-05	2.538212e-05	-2.761676e-04	8.509761e-04	

VAR-COVAR MATRIX: ITER = 6000
8.965448e-04	8.015748e-05	3.376125e-05	2.453809e-06	-3.008249e-04	5.712306e-05	
8.015748e-05	8.774068e-04	1.179984e-05	7.334992e-06	-2.909864e-04	2.982729e-05	
3.376125e-05	1.179984e-05	8.074418e-04	5.518200e-06	-8.340074e-05	1.368064e-05	
2.453809e-06	7.334992e-06	5.518200e-06	8.081194e-04	-1.145344e-04	3.474994e-05	
-3.008249e-04	-2.909864e-04	-8.340074e-05	-1.145344e-04	1.975440e-03	-1.930467e-04	
5.712306e-05	2.982729e-05	1.368064e-05	3.474994e-05	-1.930467e-04	8.379421e-04	

VAR-COVAR MATRIX: ITER = 6500
8.433784e-04	6.343179e-05	1.301018e-05	2.528710e-05	-2.022871e-04	4.454717e-05	
6.343179e-05	8.523851e-04	3.153770e-05	7.730973e-06	-2.083803e-04	2.825387e-05	
1.301018e-05	3.153770e-05	8.189090e-04	7.890063e-06	-4.526603e-05	1.206652e-05	
2.528710e-05	7.730973e-06	7.890063e-06	8.166744e-04	-9.875229e-05	1.040712e-05	
-2.022871e-04	-2.083803e-04	-4.526603e-05	-9.875229e-05	1.589133e-03	-1.141956e-04	
4.454717e-05	2.825387e-05	1.206652e-05	1.040712e-05	-1.141956e-04	8.370704e-04	

VAR-COVAR MATRIX: ITER = 7000
8.545990e-04	5.147660e-05	1.299626e-05	2.175480e-05	-1.216344e-04	3.345449e-05	
5.147660e-05	8.203702e-04	1.073007e-05	1.337820e-05	-1.252184e-04	2.311749e-05	
1.299626e-05	1.073007e-05	8.149494e-04	7.499984e-06	-3.687134e-05	1.788766e-05	
2.175480e-05	1.337820e-05	7.499984e-06	8.400641e-04	-7.393796e-05	6.887673e-06	
-1.216344e-04	-1.252184e-04	-3.687134e-05	-7.393796e-05	1.275117e-03	-8.302823e-05	
3.345449e-05	2.311749e-05	1.788766e-05	6.887673e-06	-8.302823e-05	8.334157e-04	

VAR-COVAR MATRIX: ITER = 7500
8.361428e-04	3.130680e-05	1.268602e-05	1.137795e-05	-7.669871e-05	2.037714e-05	
3.130680e-05	8.353494e-04	1.114585e-05	-8.525958e-06	-8.399745e-05	9.887082e-06	
1.268602e-05	1.114585e-05	7.956230e-04	1.340938e-05	-4.864566e-05	1.314043e-05	
1.137795e-05	-8.525958e-06	1.340938e-05	7.944971e-04	-4.305689e-05	1.144908e-05	
-7.669871e-05	-8.399745e-05	-4.864566e-05	-4.305689e-05	1.098662e-03	-6.456353e-05	
2.037714e-05	9.887082e-06	1.314043e-05	1.144908e-05	-6.456353e-05	8.232874e-04	

VAR-COVAR MATRIX: ITER = 8000
8.334253e-04	1.676554e-05	1.809815e-05	5.921523e-06	-5.722591e-05	1.108349e-05	
1.676554e-05	8.047446e-04	9.603330e-06	-1.262940e-05	-4.930599e-05	2.202946e-05	
1.809815e-05	9.603330e-06	8.045514e-04	6.081016e-06	-2.962144e-05	6.720060e-06	
5.921523e-06	-1.262940e-05	6.081016e-06	7.970238e-04	-3.393441e-05	1.032890e-05	
-5.722591e-05	-4.930599e-05	-2.962144e-05	-3.393441e-05	1.030479e-03	-4.154545e-05	
1.108349e-05	2.202946e-05	6.720060e-06	1.032890e-05	-4.154545e-05	8.089704e-04	

VAR-COVAR MATRIX: ITER = 8500
8.229005e-04	1.088227e-06	1.347527e-05	2.567957e-05	-3.857039e-05	1.656044e-05	
1.088227e-06	8.200561e-04	1.021040e-05	6.007427e-06	-4.407322e-05	1.123184e-05	
1.347527e-05	1.021040e-05	7.895767e-04	-5.303755e-06	-8.145674e-06	6.493952e-06	
2.567957e-05	6.007427e-06	-5.303755e-06	8.322180e-04	-1.736799e-05	1.079654e-05	
-3.857039e-05	-4.407322e-05	-8.145674e-06	-1.736799e-05	9.715673e-04	-3.558377e-05	
1.656044e-05	1.123184e-05	6.493952e-06	1.079654e-05	-3.558377e-05	8.246338e-04	

VAR-COVAR MATRIX: ITER = 9000
8.135335e-04	-4.747056e-06	1.008954e-05	6.984098e-06	-3.011572e-05	1.887694e-05	
-4.747056e-06	7.986249e-04	6.403126e-06	1.141494e-05	-2.887317e-05	-1.023083e-06	
1.008954e-05	6.403126e-06	8.153401e-04	-6.240031e-06	-3.166661e-05	-2.346895e-06	
6.984098e-06	1.141494e-05	-6.240031e-06	7.809933e-04	-9.267627e-06	1.948737e-06	
-3.011572e-05	-2.887317e-05	-3.166661e-05	-9.267627e-06	9.426182e-04	-2.549152e-05	
1.887694e-05	-1.023083e-06	-2.346895e-06	1.948737e-06	-2.549152e-05	8.256037e-04	

VAR-COVAR MATRIX: ITER = 9500
8.327961e-04	-5.719789e-06	1.509736e-05	-4.086028e-06	-4.120463e-05	1.819847e-05	
-5.719789e-06	7.974856e-04	-6.919736e-07	1.312679e-05	-4.069323e-05	8.528414e-06	
1.509736e-05	-6.919736e-07	8.180774e-04	1.468831e-05	-6.976722e-06	2.620193e-06	
-4.086028e-06	1.312679e-05	1.468831e-05	8.003899e-04	-8.920656e-06	2.222704e-06	
-4.120463e-05	-4.069323e-05	-6.976722e-06	-8.920656e-06	9.291859e-04	-2.726233e-05	
1.819847e-05	8.528414e-06	2.620193e-06	2.222704e-06	-2.726233e-05	7.816902e-04	

VAR-COVAR MATRIX: ITER = 10000
7.972908e-04	-6.105167e-06	-1.606421e-06	9.074242e-07	-1.888651e-05	2.180974e-05	
-6.105167e-06	8.166796e-04	-3.516403e-06	2.748458e-06	-1.237708e-05	2.853214e-06	
-1.606421e-06	-3.516403e-06	7.999189e-04	-1.147394e-05	3.198243e-06	-1.688658e-07	
9.074242e-07	2.748458e-06	-1.147394e-05	8.061397e-04	-1.413618e-05	1.759638e-06	
-1.888651e-05	-1.237708e-05	3.198243e-06	-1.413618e-05	9.012075e-04	-3.304287e-05	
2.180974e-05	2.853214e-06	-1.688658e-07	1.759638e-06	-3.304287e-05	8.051072e-04	

VAR-COVAR MATRIX: ITER = 10500
8.052156e-04	9.999506e-06	-2.271217e-06	7.456917e-06	-2.028515e-05	1.824888e-05	
9.999506e-06	8.055023e-04	4.596998e-06	6.149166e-07	-4.181568e-05	7.895175e-06	
-2.271217e-06	4.596998e-06	8.024778e-04	2.103316e-06	-1.335377e-05	1.342985e-05	
7.456917e-06	6.149166e-07	2.103316e-06	8.074189e-04	-1.021542e-05	5.440787e-06	
-2.028515e-05	-4.181568e-05	-1.335377e-05	-1.021542e-05	8.946148e-04	-1.103777e-05	
1.824888e-05	7.895175e-06	1.342985e-05	5.440787e-06	-1.103777e-05	8.042540e-04	

VAR-COVAR MATRIX: ITER = 11000
7.895773e-04	9.273592e-06	-4.554808e-06	-6.441149e-06	6.664987e-07	1.960976e-05	
9.273592e-06	8.047479e-04	5.443068e-06	-1.204928e-06	-2.348045e-05	7.972280e-06	
-4.554808e-06	5.443068e-06	7.839284e-04	2.273405e-06	1.088183e-06	1.116977e-05	
-6.441149e-06	-1.204928e-06	2.273405e-06	8.146683e-04	-1.585821e-05	7.943301e-06	
6.664987e-07	-2.348045e-05	1.088183e-06	-1.585821e-05	8.876081e-04	-1.176429e-05	
1.960976e-05	7.972280e-06	1.116977e-05	7.943301e-06	-1.176429e-05	7.934492e-04	

VAR-COVAR MATRIX: ITER = 11500
8.102447e-04	5.579858e-06	-7.223095e-07	1.735484e-05	-1.509556e-05	1.335016e-05	
5.579858e-06	7.835199e-04	6.046670e-06	3.204492e-06	-1.252751e-05	3.283896e-06	
-7.223095e-07	6.046670e-06	7.948982e-04	1.182386e-05	4.934906e-06	9.023620e-06	
1.735484e-05	3.204492e-06	1.182386e-05	8.073289e-04	-6.824049e-06	4.071295e-06	
-1.509556e-05	-1.252751e-05	4.934906e-06	-6.824049e-06	8.741402e-04	-1.657317e-05	
1.335016e-05	3.283896e-06	9.023620e-06	4.071295e-06	-1.657317e-05	8.129069e-04	

VAR-COVAR MATRIX: ITER = 12000
8.097022e-04	1.611007e-05	7.654203e-06	2.290217e-05	-2.092423e-05	1.587318e-05	
1.611007e-05	8.051568e-04	-3.982619e-06	3.487189e-06	-1.028558e-05	5.438803e-06	
7.654203e-06	-3.982619e-06	8.039884e-04	7.780185e-06	-6.512032e-06	-5.502202e-06	
2.290217e-05	3.487189e-06	7.780185e-06	8.075869e-04	9.587618e-06	1.512609e-05	
-2.092423e-05	-1.028558e-05	-6.512032e-06	9.587618e-06	8.944556e-04	-2.105529e-05	
1.587318e-05	5.438803e-06	-5.502202e-06	1.512609e-05	-2.105529e-05	8.168017e-04	

VAR-COVAR MATRIX: ITER = 12500
8.422493e-04	-5.242094e-06	9.284658e-06	1.092546e-05	-1.766849e-05	1.044545e-05	
-5.242094e-06	7.920113e-04	1.544763e-05	-8.552950e-06	-1.245675e-05	7.514958e-06	
9.284658e-06	1.544763e-05	7.939748e-04	2.079377e-05	-8.936496e-06	3.276694e-06	
1.092546e-05	-8.552950e-06	2.079377e-05	8.030733e-04	-1.268988e-05	2.258572e-06	
-1.766849e-05	-1.245675e-05	-8.936496e-06	-1.268988e-05	8.810008e-04	-4.266213e-06	
1.044545e-05	7.514958e-06	3.276694e-06	2.258572e-06	-4.266213e-06	8.031838e-04	

VAR-COVAR MATRIX: ITER = 13000
8.098198e-04	4.276704e-06	-4.390610e-06	3.347665e-05	-7.373067e-06	2.900971e-06	
4.276704e-06	7.907641e-04	-6.041496e-06	3.428033e-06	-1.510156e-05	6.903317e-07	
-4.390610e-06	-6.041496e-06	8.017233e-04	-5.502102e-06	-1.691871e-05	1.799278e-05	
3.347665e-05	3.428033e-06	-5.502102e-06	8.228031e-04	-8.008299e-06	-5.643144e-06	
-7.373067e-06	-1.510156e-05	-1.691871e-05	-8.008299e-06	8.403926e-04	-2.362529e-05	
2.900971e-06	6.903317e-07	1.799278e-05	-5.643144e-06	-2.362529e-05	8.059060e-04	

VAR-COVAR MATRIX: ITER = 13500
8.011781e-04	1.019037e-05	1.320912e-05	9.954905e-06	-1.142454e-05	2.781714e-05	
1.019037e-05	8.267558e-04	-2.287200e-06	2.355995e-06	-7.711298e-06	2.044302e-05	
1.320912e-05	-2.287200e-06	8.137098e-04	2.307084e-05	-1.347285e-05	1.880180e-06	
9.954905e-06	2.355995e-06	2.307084e-05	8.074427e-04	3.878413e-06	-2.739897e-06	
-1.142454e-05	-7.711298e-06	-1.347285e-05	3.878413e-06	8.620194e-04	-1.603848e-05	
2.781714e-05	2.044302e-05	1.880180e-06	-2.739897e-06	-1.603848e-05	8.242843e-04	

VAR-COVAR MATRIX: ITER = 14000
7.972142e-04	1.004511e-05	-2.656064e-06	-2.389827e-08	-2.770174e-05	1.437585e-05	
1.004511e-05	8.095305e-04	-3.218212e-06	1.003251e-05	-1.534125e-05	1.464609e-05	
-2.656064e-06	-3.218212e-06	7.894501e-04	9.742463e-06	-5.497040e-07	6.131596e-06	
-2.389827e-08	1.003251e-05	9.742463e-06	8.147964e-04	8.500788e-06	-6.005291e-06	
-2.770174e-05	-1.534125e-05	-5.497040e-07	8.500788e-06	8.711085e-04	-1.905537e-06	
1.437585e-05	1.464609e-05	6.131596e-06	-6.005291e-06	-1.905537e-06	8.095822e-04	

VAR-COVAR MATRIX: ITER = 14500
8.099859e-04	1.469162e-05	4.078974e-06	8.486776e-06	-3.212296e-05	-6.638809e-06	
1.469162e-05	8.000857e-04	-7.575365e-06	6.847780e-06	-1.248109e-05	9.480540e-07	
4.078974e-06	-7.575365e-06	7.983477e-04	9.640372e-06	-1.803246e-05	1.919422e-05	
8.486776e-06	6.847780e-06	9.640372e-06	8.146759e-04	-1.314562e-05	9.634249e-06	
-3.212296e-05	-1.248109e-05	-1.803246e-05	-1.314562e-05	8.613699e-04	-9.069061e-06	
-6.638809e-06	9.480540e-07	1.919422e-05	9.634249e-06	-9.069061e-06	7.979020e-04	

VAR-COVAR MATRIX: ITER = 15000
7.947973e-04	3.569019e-06	1.402230e-05	1.671004e-05	-1.662447e-05	4.922994e-06	
3.569019e-06	7.957989e-04	-1.152116e-05	-4.449359e-06	-1.180525e-05	2.624770e-07	
1.402230e-05	-1.152116e-05	7.925909e-04	4.883668e-06	2.532662e-06	1.337851e-05	
1.671004e-05	-4.449359e-06	4.883668e-06	7.910864e-04	-4.330333e-06	-1.975684e-06	
-1.662447e-05	-1.180525e-05	2.532662e-06	-4.330333e-06	8.734447e-04	-1.058076e-05	
4.922994e-06	2.624770e-07	1.337851e-05	-1.975684e-06	-1.058076e-05	8.111061e-04	

VAR-COVAR MATRIX: ITER = 15500
8.049094e-04	1.259591e-05	5.076897e-06	-9.447819e-06	-2.674087e-05	1.316542e-05	
1.259591e-05	7.951160e-04	5.092829e-06	4.599103e-06	-2.868527e-05	4.782862e-06	
5.076897e-06	5.092829e-06	8.052415e-04	1.997472e-06	5.742569e-06	8.969575e-06	
-9.447819e-06	4.599103e-06	1.997472e-06	7.996250e-04	-1.897328e-05	-3.668049e-06	
-2.674087e-05	-2.868527e-05	5.742569e-06	-1.897328e-05	8.783295e-04	-1.465330e-06	
1.316542e-05	4.782862e-06	8.969575e-06	-3.668049e-06	-1.465330e-06	7.90720