===== BAYENV2.0 =====

input file is set
Sample size file is set
NGS is set
number of populations is set
number of iterations is set
seed is set
TEST = 0 . So running matrix estimation
56 72
MCMC VER 0.71 (THREADED)
ITERATIONS = 200000
INPUT FILE = Y2017_filtered_snpsfile_8621.txt
SEED = -22342

num_alleles = 17242.000000
number of loci = 8621
VAR-COVAR MATRIX: ITER = 500
3.555830e-03	6.825364e-04	1.018091e-04	2.510251e-04	-4.679737e-03	5.785464e-04	
6.825364e-04	4.396889e-03	-2.008874e-04	-1.308615e-04	-4.925052e-03	1.881280e-04	
1.018091e-04	-2.008874e-04	3.009818e-03	1.066285e-04	-2.078088e-03	2.055314e-04	
2.510251e-04	-1.308615e-04	1.066285e-04	2.906012e-03	-2.693652e-03	2.244638e-04	
-4.679737e-03	-4.925052e-03	-2.078088e-03	-2.693652e-03	1.890937e-02	-3.078728e-03	
5.785464e-04	1.881280e-04	2.055314e-04	2.244638e-04	-3.078728e-03	3.735420e-03	

VAR-COVAR MATRIX: ITER = 1000
2.492107e-03	8.309367e-04	2.293702e-04	3.204787e-04	-3.739084e-03	5.210304e-04	
8.309367e-04	3.193316e-03	4.665735e-05	2.044341e-04	-4.065677e-03	3.721590e-04	
2.293702e-04	4.665735e-05	1.945193e-03	8.838817e-05	-1.570575e-03	1.359613e-04	
3.204787e-04	2.044341e-04	8.838817e-05	1.896145e-03	-2.022649e-03	1.880863e-04	
-3.739084e-03	-4.065677e-03	-1.570575e-03	-2.022649e-03	1.495566e-02	-2.441217e-03	
5.210304e-04	3.721590e-04	1.359613e-04	1.880863e-04	-2.441217e-03	2.469669e-03	

VAR-COVAR MATRIX: ITER = 1500
2.029555e-03	8.463488e-04	2.037672e-04	3.711418e-04	-3.255366e-03	4.922206e-04	
8.463488e-04	2.532929e-03	1.625349e-04	2.813131e-04	-3.604804e-03	4.222407e-04	
2.037672e-04	1.625349e-04	1.407745e-03	7.562888e-05	-1.223233e-03	9.620276e-05	
3.711418e-04	2.813131e-04	7.562888e-05	1.444739e-03	-1.662463e-03	1.935844e-04	
-3.255366e-03	-3.604804e-03	-1.223233e-03	-1.662463e-03	1.318747e-02	-2.104631e-03	
4.922206e-04	4.222407e-04	9.620276e-05	1.935844e-04	-2.104631e-03	1.771421e-03	

VAR-COVAR MATRIX: ITER = 2000
1.758839e-03	7.888750e-04	2.245084e-04	3.194514e-04	-2.662660e-03	4.743914e-04	
7.888750e-04	2.066449e-03	1.901299e-04	3.153368e-04	-2.974366e-03	4.548394e-04	
2.245084e-04	1.901299e-04	1.187894e-03	1.190168e-04	-1.049278e-03	1.573025e-04	
3.194514e-04	3.153368e-04	1.190168e-04	1.228430e-03	-1.355765e-03	1.867037e-04	
-2.662660e-03	-2.974366e-03	-1.049278e-03	-1.355765e-03	1.067782e-02	-1.811664e-03	
4.743914e-04	4.548394e-04	1.573025e-04	1.867037e-04	-1.811664e-03	1.488906e-03	

VAR-COVAR MATRIX: ITER = 2500
1.474924e-03	6.065859e-04	1.755838e-04	2.425671e-04	-2.146597e-03	3.590282e-04	
6.065859e-04	1.713141e-03	1.929090e-04	2.436216e-04	-2.462346e-03	3.720808e-04	
1.755838e-04	1.929090e-04	1.056192e-03	8.445540e-05	-8.373764e-04	1.228626e-04	
2.425671e-04	2.436216e-04	8.445540e-05	1.043735e-03	-1.024587e-03	1.585976e-04	
-2.146597e-03	-2.462346e-03	-8.373764e-04	-1.024587e-03	9.036935e-03	-1.428822e-03	
3.590282e-04	3.720808e-04	1.228626e-04	1.585976e-04	-1.428822e-03	1.239232e-03	

VAR-COVAR MATRIX: ITER = 3000
1.227559e-03	4.377597e-04	1.080296e-04	1.407761e-04	-1.639322e-03	2.425180e-04	
4.377597e-04	1.443732e-03	1.293744e-04	1.624005e-04	-1.962128e-03	2.651417e-04	
1.080296e-04	1.293744e-04	9.390451e-04	5.883548e-05	-5.910830e-04	5.709930e-05	
1.407761e-04	1.624005e-04	5.883548e-05	9.339356e-04	-6.812219e-04	8.586664e-05	
-1.639322e-03	-1.962128e-03	-5.910830e-04	-6.812219e-04	7.907353e-03	-1.056144e-03	
2.425180e-04	2.651417e-04	5.709930e-05	8.586664e-05	-1.056144e-03	1.045981e-03	

VAR-COVAR MATRIX: ITER = 3500
1.137472e-03	3.564247e-04	9.544807e-05	1.253714e-04	-1.272771e-03	1.733172e-04	
3.564247e-04	1.267623e-03	1.260149e-04	1.280570e-04	-1.479712e-03	1.990889e-04	
9.544807e-05	1.260149e-04	8.850860e-04	7.254708e-05	-4.769715e-04	6.992043e-05	
1.253714e-04	1.280570e-04	7.254708e-05	8.881403e-04	-5.865769e-04	8.089466e-05	
-1.272771e-03	-1.479712e-03	-4.769715e-04	-5.865769e-04	6.327816e-03	-7.799445e-04	
1.733172e-04	1.990889e-04	6.992043e-05	8.089466e-05	-7.799445e-04	9.679653e-04	

VAR-COVAR MATRIX: ITER = 4000
1.048414e-03	2.561476e-04	5.678430e-05	9.815753e-05	-1.008952e-03	1.273037e-04	
2.561476e-04	1.171280e-03	7.548454e-05	9.850859e-05	-1.207807e-03	1.628516e-04	
5.678430e-05	7.548454e-05	8.701086e-04	4.830073e-05	-3.238867e-04	3.141778e-05	
9.815753e-05	9.850859e-05	4.830073e-05	8.618802e-04	-4.528113e-04	6.685679e-05	
-1.008952e-03	-1.207807e-03	-3.238867e-04	-4.528113e-04	5.518526e-03	-5.923860e-04	
1.273037e-04	1.628516e-04	3.141778e-05	6.685679e-05	-5.923860e-04	9.133115e-04	

VAR-COVAR MATRIX: ITER = 4500
9.986815e-04	2.137053e-04	3.939855e-05	6.180598e-05	-8.057692e-04	1.085891e-04	
2.137053e-04	1.053537e-03	5.350723e-05	5.900180e-05	-8.866992e-04	1.244473e-04	
3.939855e-05	5.350723e-05	8.334685e-04	3.075832e-05	-2.510637e-04	2.398921e-05	
6.180598e-05	5.900180e-05	3.075832e-05	8.372760e-04	-3.114700e-04	4.099941e-05	
-8.057692e-04	-8.866992e-04	-2.510637e-04	-3.114700e-04	4.264767e-03	-4.557168e-04	
1.085891e-04	1.244473e-04	2.398921e-05	4.099941e-05	-4.557168e-04	8.887939e-04	

VAR-COVAR MATRIX: ITER = 5000
9.578310e-04	1.746289e-04	4.994121e-05	4.856579e-05	-6.019873e-04	8.666635e-05	
1.746289e-04	1.026002e-03	4.623655e-05	6.631536e-05	-7.113423e-04	9.134279e-05	
4.994121e-05	4.623655e-05	8.252707e-04	2.351440e-05	-2.135184e-04	1.968430e-05	
4.856579e-05	6.631536e-05	2.351440e-05	8.158129e-04	-2.508672e-04	3.764037e-05	
-6.019873e-04	-7.113423e-04	-2.135184e-04	-2.508672e-04	3.407319e-03	-3.368701e-04	
8.666635e-05	9.134279e-05	1.968430e-05	3.764037e-05	-3.368701e-04	8.416595e-04	

VAR-COVAR MATRIX: ITER = 5500
9.165369e-04	1.165157e-04	1.891738e-05	3.340465e-05	-4.176183e-04	6.434505e-05	
1.165157e-04	9.472997e-04	2.282700e-05	4.823468e-05	-4.597574e-04	7.244978e-05	
1.891738e-05	2.282700e-05	8.018807e-04	7.767392e-06	-1.231825e-04	1.663732e-05	
3.340465e-05	4.823468e-05	7.767392e-06	7.940100e-04	-1.621018e-04	4.204072e-05	
-4.176183e-04	-4.597574e-04	-1.231825e-04	-1.621018e-04	2.631250e-03	-2.236302e-04	
6.434505e-05	7.244978e-05	1.663732e-05	4.204072e-05	-2.236302e-04	8.334512e-04	

VAR-COVAR MATRIX: ITER = 6000
8.892715e-04	7.810940e-05	1.932375e-05	3.465300e-05	-2.875667e-04	4.099678e-05	
7.810940e-05	8.787591e-04	2.213890e-05	3.351802e-05	-3.240542e-04	3.984012e-05	
1.932375e-05	2.213890e-05	8.202473e-04	1.283876e-05	-1.011713e-04	1.925079e-05	
3.465300e-05	3.351802e-05	1.283876e-05	7.914410e-04	-1.103276e-04	2.480691e-05	
-2.875667e-04	-3.240542e-04	-1.011713e-04	-1.103276e-04	2.079301e-03	-1.884751e-04	
4.099678e-05	3.984012e-05	1.925079e-05	2.480691e-05	-1.884751e-04	8.245637e-04	

VAR-COVAR MATRIX: ITER = 6500
8.628447e-04	6.344681e-05	4.094397e-05	2.654222e-05	-2.082400e-04	3.839474e-05	
6.344681e-05	8.719232e-04	2.594255e-05	4.173103e-05	-2.598114e-04	2.417895e-05	
4.094397e-05	2.594255e-05	8.077266e-04	2.486400e-05	-8.580904e-05	2.632198e-05	
2.654222e-05	4.173103e-05	2.486400e-05	8.067721e-04	-9.890020e-05	2.264975e-05	
-2.082400e-04	-2.598114e-04	-8.580904e-05	-9.890020e-05	1.690611e-03	-1.435239e-04	
3.839474e-05	2.417895e-05	2.632198e-05	2.264975e-05	-1.435239e-04	8.194713e-04	

VAR-COVAR MATRIX: ITER = 7000
8.425157e-04	3.783329e-05	1.442836e-05	3.420821e-05	-1.455639e-04	3.572916e-05	
3.783329e-05	8.566732e-04	1.102468e-05	2.268542e-05	-1.728443e-04	2.824756e-05	
1.442836e-05	1.102468e-05	8.167911e-04	1.317891e-05	-5.733225e-05	1.412838e-05	
3.420821e-05	2.268542e-05	1.317891e-05	7.954631e-04	-9.064607e-05	1.016671e-05	
-1.455639e-04	-1.728443e-04	-5.733225e-05	-9.064607e-05	1.373392e-03	-9.811375e-05	
3.572916e-05	2.824756e-05	1.412838e-05	1.016671e-05	-9.811375e-05	8.397804e-04	

VAR-COVAR MATRIX: ITER = 7500
8.232980e-04	3.946653e-05	1.812885e-07	2.498446e-05	-1.176948e-04	1.187717e-05	
3.946653e-05	8.316495e-04	1.068741e-05	1.720584e-05	-1.263871e-04	4.235426e-05	
1.812885e-07	1.068741e-05	8.251508e-04	1.642734e-05	-3.043983e-05	8.970275e-06	
2.498446e-05	1.720584e-05	1.642734e-05	8.088896e-04	-6.752199e-05	1.578997e-05	
-1.176948e-04	-1.263871e-04	-3.043983e-05	-6.752199e-05	1.200651e-03	-7.612656e-05	
1.187717e-05	4.235426e-05	8.970275e-06	1.578997e-05	-7.612656e-05	8.505591e-04	

VAR-COVAR MATRIX: ITER = 8000
8.254514e-04	2.878836e-05	-1.191012e-06	2.639284e-05	-5.400688e-05	6.871430e-06	
2.878836e-05	8.228493e-04	2.375766e-05	-2.992660e-06	-7.904868e-05	1.292309e-05	
-1.191012e-06	2.375766e-05	8.089165e-04	1.932373e-05	-2.762509e-05	8.084772e-06	
2.639284e-05	-2.992660e-06	1.932373e-05	8.114995e-04	-4.383531e-05	1.662585e-05	
-5.400688e-05	-7.904868e-05	-2.762509e-05	-4.383531e-05	1.077936e-03	-4.464027e-05	
6.871430e-06	1.292309e-05	8.084772e-06	1.662585e-05	-4.464027e-05	8.299041e-04	

VAR-COVAR MATRIX: ITER = 8500
8.024869e-04	3.665734e-05	1.254229e-05	7.000715e-06	-4.205549e-05	1.640059e-05	
3.665734e-05	8.113081e-04	1.848486e-05	2.718991e-05	-5.200493e-05	6.431599e-06	
1.254229e-05	1.848486e-05	8.061707e-04	1.612018e-05	-1.436703e-05	-8.068885e-06	
7.000715e-06	2.718991e-05	1.612018e-05	8.118506e-04	-3.479355e-05	5.517915e-06	
-4.205549e-05	-5.200493e-05	-1.436703e-05	-3.479355e-05	1.028545e-03	-3.881673e-05	
1.640059e-05	6.431599e-06	-8.068885e-06	5.517915e-06	-3.881673e-05	8.306245e-04	

VAR-COVAR MATRIX: ITER = 9000
7.961566e-04	4.469193e-05	9.719597e-06	1.192021e-05	-3.308296e-05	1.886856e-05	
4.469193e-05	8.168242e-04	1.754127e-06	8.429204e-06	-3.574529e-05	1.226249e-05	
9.719597e-06	1.754127e-06	7.994888e-04	-1.948846e-06	-3.394557e-06	-5.936071e-06	
1.192021e-05	8.429204e-06	-1.948846e-06	8.029623e-04	-1.899445e-05	1.007146e-05	
-3.308296e-05	-3.574529e-05	-3.394557e-06	-1.899445e-05	9.705683e-04	-3.160153e-05	
1.886856e-05	1.226249e-05	-5.936071e-06	1.007146e-05	-3.160153e-05	8.219940e-04	

VAR-COVAR MATRIX: ITER = 9500
7.846170e-04	1.503766e-05	9.462749e-06	-1.586551e-05	-2.879581e-05	1.614890e-06	
1.503766e-05	8.164428e-04	1.176423e-05	-2.835808e-07	-3.181202e-05	-3.496059e-06	
9.462749e-06	1.176423e-05	8.017811e-04	5.951492e-06	7.918918e-07	-7.990452e-06	
-1.586551e-05	-2.835808e-07	5.951492e-06	7.812376e-04	-3.161391e-05	-3.826991e-06	
-2.879581e-05	-3.181202e-05	7.918918e-07	-3.161391e-05	9.080735e-04	-1.881072e-05	
1.614890e-06	-3.496059e-06	-7.990452e-06	-3.826991e-06	-1.881072e-05	8.292346e-04	

VAR-COVAR MATRIX: ITER = 10000
8.188664e-04	5.949814e-06	9.448473e-06	9.002664e-06	-2.181661e-05	-9.598104e-06	
5.949814e-06	8.019720e-04	1.857878e-05	8.381045e-06	-3.122710e-05	1.717177e-05	
9.448473e-06	1.857878e-05	8.029161e-04	5.650809e-06	-9.480748e-06	7.143110e-06	
9.002664e-06	8.381045e-06	5.650809e-06	8.007410e-04	5.999946e-07	4.372657e-06	
-2.181661e-05	-3.122710e-05	-9.480748e-06	5.999946e-07	8.951896e-04	-5.194483e-06	
-9.598104e-06	1.717177e-05	7.143110e-06	4.372657e-06	-5.194483e-06	8.096703e-04	

VAR-COVAR MATRIX: ITER = 10500
7.929168e-04	7.624988e-07	-4.772328e-06	1.851359e-06	-1.631507e-05	1.414365e-05	
7.624988e-07	8.135763e-04	1.544018e-05	3.923199e-07	-6.907361e-06	6.240756e-06	
-4.772328e-06	1.544018e-05	7.760064e-04	6.179846e-06	-5.575491e-06	7.256915e-06	
1.851359e-06	3.923199e-07	6.179846e-06	7.748985e-04	-8.040657e-06	-3.470246e-07	
-1.631507e-05	-6.907361e-06	-5.575491e-06	-8.040657e-06	9.003998e-04	-1.977619e-05	
1.414365e-05	6.240756e-06	7.256915e-06	-3.470246e-07	-1.977619e-05	8.159805e-04	

VAR-COVAR MATRIX: ITER = 11000
8.041677e-04	-7.393612e-06	3.664691e-06	-8.086030e-06	-2.255962e-06	1.617861e-08	
-7.393612e-06	8.033967e-04	1.162188e-06	1.040696e-05	-1.987478e-05	1.508303e-05	
3.664691e-06	1.162188e-06	8.142340e-04	1.106102e-05	-1.020377e-05	5.706529e-06	
-8.086030e-06	1.040696e-05	1.106102e-05	8.002852e-04	-3.102598e-06	1.549901e-06	
-2.255962e-06	-1.987478e-05	-1.020377e-05	-3.102598e-06	9.288498e-04	-8.535688e-06	
1.617861e-08	1.508303e-05	5.706529e-06	1.549901e-06	-8.535688e-06	8.071868e-04	

VAR-COVAR MATRIX: ITER = 11500
8.029679e-04	2.313626e-06	9.712100e-06	1.440177e-05	-6.899335e-06	1.201739e-06	
2.313626e-06	7.980676e-04	-4.513594e-06	-1.337088e-05	-7.411999e-06	8.674866e-06	
9.712100e-06	-4.513594e-06	8.182023e-04	-1.124020e-06	-1.322776e-05	1.463629e-05	
1.440177e-05	-1.337088e-05	-1.124020e-06	8.105418e-04	-1.804379e-05	-5.735069e-06	
-6.899335e-06	-7.411999e-06	-1.322776e-05	-1.804379e-05	8.884944e-04	1.053829e-05	
1.201739e-06	8.674866e-06	1.463629e-05	-5.735069e-06	1.053829e-05	7.859173e-04	

VAR-COVAR MATRIX: ITER = 12000
7.908411e-04	2.369693e-05	-3.534502e-06	1.038040e-06	-1.847890e-05	9.999568e-06	
2.369693e-05	8.220354e-04	-1.201401e-05	8.749423e-06	-1.441124e-05	-5.382391e-06	
-3.534502e-06	-1.201401e-05	8.038048e-04	1.874425e-06	-8.656827e-06	9.324588e-06	
1.038040e-06	8.749423e-06	1.874425e-06	8.025005e-04	-3.530165e-05	-8.132403e-06	
-1.847890e-05	-1.441124e-05	-8.656827e-06	-3.530165e-05	8.928807e-04	-1.899593e-05	
9.999568e-06	-5.382391e-06	9.324588e-06	-8.132403e-06	-1.899593e-05	8.194300e-04	

VAR-COVAR MATRIX: ITER = 12500
7.904920e-04	-2.181353e-06	2.806775e-06	-5.317024e-06	-9.060937e-06	9.675423e-06	
-2.181353e-06	8.060942e-04	8.495799e-06	-6.885958e-06	-1.176301e-05	5.501365e-06	
2.806775e-06	8.495799e-06	8.142864e-04	2.443265e-05	-1.591145e-05	1.757948e-05	
-5.317024e-06	-6.885958e-06	2.443265e-05	7.876689e-04	-2.873174e-05	3.710875e-06	
-9.060937e-06	-1.176301e-05	-1.591145e-05	-2.873174e-05	8.894553e-04	-9.080046e-06	
9.675423e-06	5.501365e-06	1.757948e-05	3.710875e-06	-9.080046e-06	8.121451e-04	

VAR-COVAR MATRIX: ITER = 13000
8.001126e-04	8.553869e-06	-4.289250e-06	1.223949e-06	9.131655e-06	5.416408e-06	
8.553869e-06	7.915127e-04	1.304299e-06	2.277070e-06	-1.903333e-05	6.488399e-06	
-4.289250e-06	1.304299e-06	8.266577e-04	4.514034e-06	7.797555e-06	5.399422e-06	
1.223949e-06	2.277070e-06	4.514034e-06	7.954967e-04	-1.124520e-05	-2.943337e-06	
9.131655e-06	-1.903333e-05	7.797555e-06	-1.124520e-05	8.657648e-04	-8.253289e-06	
5.416408e-06	6.488399e-06	5.399422e-06	-2.943337e-06	-8.253289e-06	7.949040e-04	

VAR-COVAR MATRIX: ITER = 13500
7.971991e-04	4.916770e-06	2.012214e-05	7.145599e-06	-7.796746e-06	8.534275e-06	
4.916770e-06	8.092360e-04	-7.261920e-06	-7.738531e-07	-1.864672e-05	-5.060129e-06	
2.012214e-05	-7.261920e-06	8.093783e-04	2.428800e-05	2.307094e-06	4.387208e-06	
7.145599e-06	-7.738531e-07	2.428800e-05	7.978834e-04	-1.034336e-05	-6.975478e-07	
-7.796746e-06	-1.864672e-05	2.307094e-06	-1.034336e-05	8.763578e-04	-1.206939e-05	
8.534275e-06	-5.060129e-06	4.387208e-06	-6.975478e-07	-1.206939e-05	8.061951e-04	

VAR-COVAR MATRIX: ITER = 14000
8.122225e-04	-2.731846e-06	5.253988e-06	1.649689e-06	-7.355187e-06	3.997001e-06	
-2.731846e-06	8.075604e-04	5.172669e-07	1.553675e-05	-1.648445e-05	1.294992e-06	
5.253988e-06	5.172669e-07	8.097982e-04	1.196651e-06	-1.097241e-05	9.797610e-06	
1.649689e-06	1.553675e-05	1.196651e-06	8.073390e-04	-1.502974e-05	-8.106321e-06	
-7.355187e-06	-1.648445e-05	-1.097241e-05	-1.502974e-05	8.663229e-04	-1.965257e-05	
3.997001e-06	1.294992e-06	9.797610e-06	-8.106321e-06	-1.965257e-05	8.192661e-04	

VAR-COVAR MATRIX: ITER = 14500
8.004270e-04	1.033042e-05	-2.801062e-06	1.028977e-05	-4.704438e-06	2.445502e-05	
1.033042e-05	8.205160e-04	-9.472374e-07	9.820558e-06	-2.471660e-05	1.150590e-05	
-2.801062e-06	-9.472374e-07	7.842233e-04	7.016188e-06	-1.211182e-05	1.454613e-05	
1.028977e-05	9.820558e-06	7.016188e-06	8.119281e-04	2.363904e-06	1.834239e-06	
-4.704438e-06	-2.471660e-05	-1.211182e-05	2.363904e-06	8.940367e-04	1.750885e-05	
2.445502e-05	1.150590e-05	1.454613e-05	1.834239e-06	1.750885e-05	8.205761e-04	

VAR-COVAR MATRIX: ITER = 15000
8.043066e-04	-1.716387e-06	7.362645e-06	6.086086e-06	-1.843364e-05	8.280570e-06	
-1.716387e-06	8.086383e-04	1.572762e-06	3.788922e-06	-1.721833e-05	-2.041883e-06	
7.362645e-06	1.572762e-06	8.094710e-04	1.649131e-05	-1.825944e-06	1.390846e-05	
6.086086e-06	3.788922e-06	1.649131e-05	8.043563e-04	-6.501527e-06	2.771113e-06	
-1.843364e-05	-1.721833e-05	-1.825944e-06	-6.501527e-06	8.662986e-04	1.111324e-06	
8.280570e-06	-2.041883e-06	1.390846e-05	2.771113e-06	1.111324e-06	8.167653e-04	

VAR-COVAR MATRIX: ITER = 15500
7.923494e-04	1.352340e-05	4.908569e-06	1.857965e-06	-1.154498e-05	-4.365045e-06	
1.352340e-05	8.238859e-04	5.455650e-06	-4.993931e-06	-1.180756e-05	7.467865e-06	
4.908569e-06	5.455650e-06	7.954231e-04	5.531660e-06	1.171785e-05	9.281789e-06	
1.857965e-06	-4.993931e-06	5.531660e-06	7.939923e-04	-1.383466e-05	-9.242334e-06	
-1.154498e-05	-1.180756e-05	1.171785e-05	-1.383466e-05	8.742630e-04	-1.392575e-05	
-4.365045e-06	7.467865e-06	9.281789e-06	-9.242334e-06	-1.392575e-05	8.365367e-0